--- Terminal on COM6 | 115200 8-N-1
--- Available filters and text transformations: debug, default, direct, esp32_exception_decoder, hexlify, log2file, nocontrol, printable, send_on_enter, time
--- More details at https://bit.ly/pio-monitor-filters
--- Quit: Ctrl+C | Menu: Ctrl+T | Help: Ctrl+T followed by Ctrl+H
Current Time Service started
6/14/2026 16:54:58.0.281250
Connected — AMS + CTS up
[TIME] 2026-06-14 16:55:01
[ANCS] com.google.Gmail | Grupa LUX MED: Otrzymujesz ten e-mail, ponieważ dnia 14.06.2026 r. o godzinie 14:42:12 Podjęto próbę logowania na Twoje konto w Portalu …
[ANCS] com.google.Gmail | Kickstarter: Surveys are on their way, come see the new variants.. – Hey everyone, We're delighted to say the surveys are going out over…
[ANCS] com.google.photos | Нагороду отримує…: Унікальна особистість
[ANCS] com.google.photos | Нагороду отримує…: Унікальна особистість
[ANCS] com.google.photos | Цей день 5 років тому…: Згадайте 13 черв. 2021 р.
[ANCS] com.google.photos | Найкращі моменти (4 роки тому): Новий спогад
[ANCS] com.google.photos | 6 років тому…: Кам'янець-Подільський
[ANCS] com.google.Maps | Прокласти маршрут до місця "Жирар…: Маршрут Ваше місцезнаходження – Жирардув за допомогою Карт Google
[TIME] 2026-06-14 16:55:11
entity update. id: 0, attribute: 1, flags: 0, value: 1,1.0,135.107
[AMS] Zakażony — Dehet Sinn
[TIME] 2026-06-14 16:55:21
[TIME] 2026-06-14 16:55:31
[TIME] 2026-06-14 16:55:41
[TIME] 2026-06-14 16:55:51
[TIME] 2026-06-14 16:56:01
[TIME] 2026-06-14 16:56:11
[TIME] 2026-06-14 16:56:21
entity update. id: 0, attribute: 1, flags: 0, value: 0,0.0,199.088
[AMS] Zakażony — Dehet Sinn
entity update. id: 0, attribute: 1, flags: 0, value: 1,1.0,0.020
[AMS] Zakażony — Dehet Sinn
entity update. id: 2, attribute: 3, flags: 0, value: 236.689
[AMS] Zakażony — Dehet Sinn
entity update. id: 2, attribute: 1, flags: 0, value: Civitas
[AMS] Zakażony — Dehet Sinn
entity update. id: 0, attribute: 1, flags: 0, value: 1,1.0,0.110
[AMS] Zakażony — Dehet Sinn
entity update. id: 2, attribute: 0, flags: 0, value: Brudne Place Zabaw
[AMS] Zakażony — Brudne Place Zabaw
entity update. id: 2, attribute: 2, flags: 0, value: Civitas
[AMS] Civitas — Brudne Place Zabaw
[TIME] 2026-06-14 16:56:31
[TIME] 2026-06-14 16:56:41
[TIME] 2026-06-14 16:56:51
[TIME] 2026-06-14 16:57:01
[TIME] 2026-06-14 16:57:11
[TIME] 2026-06-14 16:57:21
[TIME] 2026-06-14 16:57:31
[TIME] 2026-06-14 16:57:41
[TIME] 2026-06-14 16:57:51
[TIME] 2026-06-14 16:58:01
[TIME] 2026-06-14 16:58:11
[TIME] 2026-06-14 16:58:21
[TIME] 2026-06-14 16:58:31
[TIME] 2026-06-14 16:58:41
[TIME] 2026-06-14 16:58:51
[TIME] 2026-06-14 16:59:01
[TIME] 2026-06-14 16:59:11
[TIME] 2026-06-14 16:59:21
[TIME] 2026-06-14 16:59:31
[TIME] 2026-06-14 16:59:41
[ANCS] event=0 uid=135 category=Other
[ANCS] com.allegro.iphone | Przewody dla Twojego auta: Przewód Przepustnicy 8200549111 Renault 1.4-1.6 16V Oryginał, to dobry wybór!
[TIME] 2026-06-14 16:59:51
[ANCS] event=0 uid=136 category=Other
[ANCS] pl.x-kom.mobileapi | x-kom: Legendą nie staniesz się od razu. Wróć do otwierania boxów 🎁
[TIME] 2026-06-14 17:00:01
entity update. id: 0, attribute: 1, flags: 0, value: 1,1.0,224.978
[AMS] Civitas — Brudne Place Zabaw
entity update. id: 0, attribute: 1, flags: 0, value: 0,0.0,224.922
[AMS] Civitas — Brudne Place Zabaw
entity update. id: 0, attribute: 1, flags: 0, value: 1,1.0,224.971
[AMS] Civitas — Brudne Place Zabaw
[TIME] 2026-06-14 17:00:11
entity update. id: 0, attribute: 1, flags: 0, value: 0,0.0,235.738
[AMS] Civitas — Brudne Place Zabaw
[TIME] 2026-06-14 17:00:21
entity update. id: 0, attribute: 1, flags: 0, value: 1,1.0,0.017
[AMS] Civitas — Brudne Place Zabaw
entity update. id: 2, attribute: 3, flags: 0, value: 126.400
[AMS] Civitas — Brudne Place Zabaw
entity update. id: 2, attribute: 1, flags: 0, value: Me Prometiste
[AMS] Civitas — Brudne Place Zabaw
entity update. id: 0, attribute: 1, flags: 0, value: 1,1.0,0.247
[AMS] Civitas — Brudne Place Zabaw
entity update. id: 2, attribute: 0, flags: 0, value: Luna Leonard
[AMS] Civitas — Luna Leonard
entity update. id: 2, attribute: 2, flags: 0, value: Me Prometiste
[AMS] Me Prometiste — Luna Leonard
Phone disconnected: 7e:aa:a2:84:9e:de reason=520
[TIME] 2026-06-14 17:00:31
[TIME] 2026-06-14 17:00:41
[TIME] 2026-06-14 17:00:51
[TIME] 2026-06-14 17:01:01
[TIME] 2026-06-14 17:01:11
[TIME] 2026-06-14 17:01:21
[TIME] 2026-06-14 17:01:31
[TIME] 2026-06-14 17:01:41
[TIME] 2026-06-14 17:01:51
[TIME] 2026-06-14 17:02:01
[TIME] 2026-06-14 17:02:11
[TIME] 2026-06-14 17:02:21
[TIME] 2026-06-14 17:02:31
[TIME] 2026-06-14 17:02:41
[TIME] 2026-06-14 17:02:51
[TIME] 2026-06-14 17:03:01
[TIME] 2026-06-14 17:03:11
[TIME] 2026-06-14 17:03:21
[TIME] 2026-06-14 17:03:31
[TIME] 2026-06-14 17:03:41
[TIME] 2026-06-14 17:03:51
[TIME] 2026-06-14 17:04:01
[TIME] 2026-06-14 17:04:11
[TIME] 2026-06-14 17:04:21
[TIME] 2026-06-14 17:04:31
[TIME] 2026-06-14 17:04:41
[TIME] 2026-06-14 17:04:51
[TIME] 2026-06-14 17:05:01
[TIME] 2026-06-14 17:05:11
[TIME] 2026-06-14 17:05:21
[TIME] 2026-06-14 17:05:31
[TIME] 2026-06-14 17:05:41
[TIME] 2026-06-14 17:05:51
[TIME] 2026-06-14 17:06:01
[TIME] 2026-06-14 17:06:11
[TIME] 2026-06-14 17:06:21
[TIME] 2026-06-14 17:06:31
[TIME] 2026-06-14 17:06:41
[TIME] 2026-06-14 17:06:51
[TIME] 2026-06-14 17:07:01
[TIME] 2026-06-14 17:07:11
[TIME] 2026-06-14 17:07:21
[TIME] 2026-06-14 17:07:31
[TIME] 2026-06-14 17:07:41
[TIME] 2026-06-14 17:07:51
[TIME] 2026-06-14 17:08:01
[TIME] 2026-06-14 17:08:11
[TIME] 2026-06-14 17:08:21
[TIME] 2026-06-14 17:08:31
[TIME] 2026-06-14 17:08:41
[TIME] 2026-06-14 17:08:51
[TIME] 2026-06-14 17:09:01
[TIME] 2026-06-14 17:09:11
[TIME] 2026-06-14 17:09:21
[TIME] 2026-06-14 17:09:31
[TIME] 2026-06-14 17:09:41
[TIME] 2026-06-14 17:09:51
[TIME] 2026-06-14 17:10:01
[TIME] 2026-06-14 17:10:11
[TIME] 2026-06-14 17:10:21
[TIME] 2026-06-14 17:10:31
[TIME] 2026-06-14 17:10:41
[TIME] 2026-06-14 17:10:51
[TIME] 2026-06-14 17:11:01
[TIME] 2026-06-14 17:11:11
[TIME] 2026-06-14 17:11:21
[TIME] 2026-06-14 17:11:31
[TIME] 2026-06-14 17:11:41
[TIME] 2026-06-14 17:11:51
[TIME] 2026-06-14 17:12:01
[TIME] 2026-06-14 17:12:11
[TIME] 2026-06-14 17:12:21
[TIME] 2026-06-14 17:12:31
[TIME] 2026-06-14 17:12:41
[TIME] 2026-06-14 17:12:51
[TIME] 2026-06-14 17:13:01
[TIME] 2026-06-14 17:13:11
[TIME] 2026-06-14 17:13:21
[TIME] 2026-06-14 17:13:31
[TIME] 2026-06-14 17:13:41
[TIME] 2026-06-14 17:13:51
[TIME] 2026-06-14 17:14:01
[TIME] 2026-06-14 17:14:11
[TIME] 2026-06-14 17:14:21
[TIME] 2026-06-14 17:14:31
[TIME] 2026-06-14 17:14:41
[TIME] 2026-06-14 17:14:51
[TIME] 2026-06-14 17:15:01
[TIME] 2026-06-14 17:15:11
[TIME] 2026-06-14 17:15:21
[TIME] 2026-06-14 17:15:31
[TIME] 2026-06-14 17:15:41
[TIME] 2026-06-14 17:15:51
[TIME] 2026-06-14 17:16:01
[TIME] 2026-06-14 17:16:11
[TIME] 2026-06-14 17:16:21
[TIME] 2026-06-14 17:16:31
[TIME] 2026-06-14 17:16:41
[TIME] 2026-06-14 17:16:51
[TIME] 2026-06-14 17:17:01
[TIME] 2026-06-14 17:17:11
[TIME] 2026-06-14 17:17:21
[TIME] 2026-06-14 17:17:31
[TIME] 2026-06-14 17:17:41
[TIME] 2026-06-14 17:17:51
[TIME] 2026-06-14 17:18:01
[TIME] 2026-06-14 17:18:11
[TIME] 2026-06-14 17:18:21
[TIME] 2026-06-14 17:18:31
[TIME] 2026-06-14 17:18:41
[TIME] 2026-06-14 17:18:51
[TIME] 2026-06-14 17:19:01
[TIME] 2026-06-14 17:19:11
[TIME] 2026-06-14 17:19:21
[TIME] 2026-06-14 17:19:31
[TIME] 2026-06-14 17:19:41
[TIME] 2026-06-14 17:19:51
[TIME] 2026-06-14 17:20:01
[TIME] 2026-06-14 17:20:11
[TIME] 2026-06-14 17:20:21
[TIME] 2026-06-14 17:20:31
[TIME] 2026-06-14 17:20:41
[TIME] 2026-06-14 17:20:51
[TIME] 2026-06-14 17:21:01
[TIME] 2026-06-14 17:21:11
[TIME] 2026-06-14 17:21:21
[TIME] 2026-06-14 17:21:31
[TIME] 2026-06-14 17:21:41
[TIME] 2026-06-14 17:21:51
[TIME] 2026-06-14 17:22:01
[TIME] 2026-06-14 17:22:11
[TIME] 2026-06-14 17:22:21
[TIME] 2026-06-14 17:22:31
[TIME] 2026-06-14 17:22:41
[TIME] 2026-06-14 17:22:51
[TIME] 2026-06-14 17:23:01
[TIME] 2026-06-14 17:23:11
[TIME] 2026-06-14 17:23:21
[TIME] 2026-06-14 17:23:31
[TIME] 2026-06-14 17:23:41
[TIME] 2026-06-14 17:23:51
[TIME] 2026-06-14 17:24:01
[TIME] 2026-06-14 17:24:11
[TIME] 2026-06-14 17:24:21
[TIME] 2026-06-14 17:24:31
[TIME] 2026-06-14 17:24:41
[TIME] 2026-06-14 17:24:51
[TIME] 2026-06-14 17:25:01
[TIME] 2026-06-14 17:25:11
[TIME] 2026-06-14 17:25:21
[TIME] 2026-06-14 17:25:31
[TIME] 2026-06-14 17:25:41
[TIME] 2026-06-14 17:25:51
[TIME] 2026-06-14 17:26:01
[TIME] 2026-06-14 17:26:11
[TIME] 2026-06-14 17:26:21
[TIME] 2026-06-14 17:26:31
[TIME] 2026-06-14 17:26:41
[TIME] 2026-06-14 17:26:51
[TIME] 2026-06-14 17:27:01
[TIME] 2026-06-14 17:27:11
[TIME] 2026-06-14 17:27:21
[TIME] 2026-06-14 17:27:31
[TIME] 2026-06-14 17:27:41
[TIME] 2026-06-14 17:27:51
[TIME] 2026-06-14 17:28:01
[TIME] 2026-06-14 17:28:11
[TIME] 2026-06-14 17:28:21
[TIME] 2026-06-14 17:28:31
[TIME] 2026-06-14 17:28:41
[TIME] 2026-06-14 17:28:51
[TIME] 2026-06-14 17:29:01
[TIME] 2026-06-14 17:29:11
[TIME] 2026-06-14 17:29:21
[TIME] 2026-06-14 17:29:31
[TIME] 2026-06-14 17:29:41
[TIME] 2026-06-14 17:29:51
[TIME] 2026-06-14 17:30:01
[TIME] 2026-06-14 17:30:11
[TIME] 2026-06-14 17:30:21
[TIME] 2026-06-14 17:30:31
[TIME] 2026-06-14 17:30:41
[TIME] 2026-06-14 17:30:51
[TIME] 2026-06-14 17:31:01
[TIME] 2026-06-14 17:31:11
[TIME] 2026-06-14 17:31:21
[TIME] 2026-06-14 17:31:31
[TIME] 2026-06-14 17:31:41
[TIME] 2026-06-14 17:31:51
[TIME] 2026-06-14 17:32:01
[TIME] 2026-06-14 17:32:11
[TIME] 2026-06-14 17:32:21
[TIME] 2026-06-14 17:32:31
[TIME] 2026-06-14 17:32:41
[TIME] 2026-06-14 17:32:51
[TIME] 2026-06-14 17:33:01
[TIME] 2026-06-14 17:33:11
[TIME] 2026-06-14 17:33:21
[TIME] 2026-06-14 17:33:31
[TIME] 2026-06-14 17:33:41
[TIME] 2026-06-14 17:33:51
[TIME] 2026-06-14 17:34:01
[TIME] 2026-06-14 17:34:11
[TIME] 2026-06-14 17:34:21
[TIME] 2026-06-14 17:34:31
[TIME] 2026-06-14 17:34:41
[TIME] 2026-06-14 17:34:51
[TIME] 2026-06-14 17:35:01
[TIME] 2026-06-14 17:35:11
[TIME] 2026-06-14 17:35:21
[TIME] 2026-06-14 17:35:31
[TIME] 2026-06-14 17:35:41
[TIME] 2026-06-14 17:35:51
[TIME] 2026-06-14 17:36:01
[TIME] 2026-06-14 17:36:11
[TIME] 2026-06-14 17:36:21
[TIME] 2026-06-14 17:36:31
[TIME] 2026-06-14 17:36:41
[TIME] 2026-06-14 17:36:51
[TIME] 2026-06-14 17:37:01
[TIME] 2026-06-14 17:37:11
[TIME] 2026-06-14 17:37:21
[TIME] 2026-06-14 17:37:31
[TIME] 2026-06-14 17:37:41
[TIME] 2026-06-14 17:37:51
[TIME] 2026-06-14 17:38:01
[TIME] 2026-06-14 17:38:11
[TIME] 2026-06-14 17:38:21
[TIME] 2026-06-14 17:38:31
[TIME] 2026-06-14 17:38:41
[TIME] 2026-06-14 17:38:51
[TIME] 2026-06-14 17:39:01
[TIME] 2026-06-14 17:39:11
[TIME] 2026-06-14 17:39:21
[TIME] 2026-06-14 17:39:31
[TIME] 2026-06-14 17:39:41
[TIME] 2026-06-14 17:39:51
[TIME] 2026-06-14 17:40:01
[TIME] 2026-06-14 17:40:11
[TIME] 2026-06-14 17:40:21
[TIME] 2026-06-14 17:40:31
[TIME] 2026-06-14 17:40:41
[TIME] 2026-06-14 17:40:51
[TIME] 2026-06-14 17:41:01
[TIME] 2026-06-14 17:41:11
[TIME] 2026-06-14 17:41:21
[TIME] 2026-06-14 17:41:31
[TIME] 2026-06-14 17:41:41
[TIME] 2026-06-14 17:41:51
[TIME] 2026-06-14 17:42:01
[TIME] 2026-06-14 17:42:11
[TIME] 2026-06-14 17:42:21
[TIME] 2026-06-14 17:42:31
[TIME] 2026-06-14 17:42:41
[TIME] 2026-06-14 17:42:51
[TIME] 2026-06-14 17:43:01
[TIME] 2026-06-14 17:43:11
[TIME] 2026-06-14 17:43:21
[TIME] 2026-06-14 17:43:31
[TIME] 2026-06-14 17:43:41
[TIME] 2026-06-14 17:43:51
[TIME] 2026-06-14 17:44:01
[TIME] 2026-06-14 17:44:11
[TIME] 2026-06-14 17:44:21
[TIME] 2026-06-14 17:44:31
[TIME] 2026-06-14 17:44:41
[TIME] 2026-06-14 17:44:51
[TIME] 2026-06-14 17:45:01
[TIME] 2026-06-14 17:45:11
[TIME] 2026-06-14 17:45:21
[TIME] 2026-06-14 17:45:31
[TIME] 2026-06-14 17:45:41
[TIME] 2026-06-14 17:45:51
[TIME] 2026-06-14 17:46:01
[TIME] 2026-06-14 17:46:11
[TIME] 2026-06-14 17:46:21
[TIME] 2026-06-14 17:46:31
[TIME] 2026-06-14 17:46:41
[TIME] 2026-06-14 17:46:51
[TIME] 2026-06-14 17:47:01
[TIME] 2026-06-14 17:47:11
[TIME] 2026-06-14 17:47:21
[TIME] 2026-06-14 17:47:31
[TIME] 2026-06-14 17:47:41
[TIME] 2026-06-14 17:47:51
[TIME] 2026-06-14 17:48:01
[TIME] 2026-06-14 17:48:11
[TIME] 2026-06-14 17:48:21
[TIME] 2026-06-14 17:48:31
[TIME] 2026-06-14 17:48:41
[TIME] 2026-06-14 17:48:51
[TIME] 2026-06-14 17:49:01
[TIME] 2026-06-14 17:49:11
[TIME] 2026-06-14 17:49:21
[TIME] 2026-06-14 17:49:31
[TIME] 2026-06-14 17:49:41
[TIME] 2026-06-14 17:49:51
[TIME] 2026-06-14 17:50:01
[TIME] 2026-06-14 17:50:11
[TIME] 2026-06-14 17:50:21
[TIME] 2026-06-14 17:50:31
[TIME] 2026-06-14 17:50:41
[TIME] 2026-06-14 17:50:51
[TIME] 2026-06-14 17:51:01
[TIME] 2026-06-14 17:51:11
[TIME] 2026-06-14 17:51:21
[TIME] 2026-06-14 17:51:31
[TIME] 2026-06-14 17:51:41
[TIME] 2026-06-14 17:51:51
[TIME] 2026-06-14 17:52:01
[TIME] 2026-06-14 17:52:11
[TIME] 2026-06-14 17:52:21
[TIME] 2026-06-14 17:52:31
[TIME] 2026-06-14 17:52:41
[TIME] 2026-06-14 17:52:51
[TIME] 2026-06-14 17:53:01
[TIME] 2026-06-14 17:53:11
[TIME] 2026-06-14 17:53:21
[TIME] 2026-06-14 17:53:31
[TIME] 2026-06-14 17:53:41
[TIME] 2026-06-14 17:53:51
[TIME] 2026-06-14 17:54:01
[TIME] 2026-06-14 17:54:11
[TIME] 2026-06-14 17:54:21
[TIME] 2026-06-14 17:54:31
[TIME] 2026-06-14 17:54:41
[TIME] 2026-06-14 17:54:51
[TIME] 2026-06-14 17:55:01
[TIME] 2026-06-14 17:55:11
[TIME] 2026-06-14 17:55:21
[TIME] 2026-06-14 17:55:31
[TIME] 2026-06-14 17:55:41
[TIME] 2026-06-14 17:55:51
[TIME] 2026-06-14 17:56:01
[TIME] 2026-06-14 17:56:11
[TIME] 2026-06-14 17:56:21
[TIME] 2026-06-14 17:56:31
[TIME] 2026-06-14 17:56:41
[TIME] 2026-06-14 17:56:51
[TIME] 2026-06-14 17:57:01
[TIME] 2026-06-14 17:57:11
[TIME] 2026-06-14 17:57:21
[TIME] 2026-06-14 17:57:31
[TIME] 2026-06-14 17:57:41
[TIME] 2026-06-14 17:57:51
[TIME] 2026-06-14 17:58:01
[TIME] 2026-06-14 17:58:12
[TIME] 2026-06-14 17:58:22
[TIME] 2026-06-14 17:58:32
[TIME] 2026-06-14 17:58:42
[TIME] 2026-06-14 17:58:52
[TIME] 2026-06-14 17:59:02
[TIME] 2026-06-14 17:59:12
[TIME] 2026-06-14 17:59:22
[TIME] 2026-06-14 17:59:32
[TIME] 2026-06-14 17:59:42
[TIME] 2026-06-14 17:59:52
[TIME] 2026-06-14 18:00:02
[TIME] 2026-06-14 18:00:12
[TIME] 2026-06-14 18:00:22
[TIME] 2026-06-14 18:00:32
[TIME] 2026-06-14 18:00:42
[TIME] 2026-06-14 18:00:52
[TIME] 2026-06-14 18:01:02
[TIME] 2026-06-14 18:01:12
[TIME] 2026-06-14 18:01:22
[TIME] 2026-06-14 18:01:32
[TIME] 2026-06-14 18:01:42
[TIME] 2026-06-14 18:01:52
[TIME] 2026-06-14 18:02:02
[TIME] 2026-06-14 18:02:12
[TIME] 2026-06-14 18:02:22
[TIME] 2026-06-14 18:02:32
[TIME] 2026-06-14 18:02:42
[TIME] 2026-06-14 18:02:52
[TIME] 2026-06-14 18:03:02
[TIME] 2026-06-14 18:03:12
[TIME] 2026-06-14 18:03:22
[TIME] 2026-06-14 18:03:32
[TIME] 2026-06-14 18:03:42
[TIME] 2026-06-14 18:03:52
[TIME] 2026-06-14 18:04:02
[TIME] 2026-06-14 18:04:12
[TIME] 2026-06-14 18:04:22
[TIME] 2026-06-14 18:04:32
[TIME] 2026-06-14 18:04:42
[TIME] 2026-06-14 18:04:52
[TIME] 2026-06-14 18:05:02
[TIME] 2026-06-14 18:05:12
[TIME] 2026-06-14 18:05:22
[TIME] 2026-06-14 18:05:32
[TIME] 2026-06-14 18:05:42
[TIME] 2026-06-14 18:05:52
[TIME] 2026-06-14 18:06:02
[TIME] 2026-06-14 18:06:12
[TIME] 2026-06-14 18:06:22
[TIME] 2026-06-14 18:06:32
[TIME] 2026-06-14 18:06:42
[TIME] 2026-06-14 18:06:52
[TIME] 2026-06-14 18:07:02
[TIME] 2026-06-14 18:07:12
[TIME] 2026-06-14 18:07:22
[TIME] 2026-06-14 18:07:32
[TIME] 2026-06-14 18:07:42
[TIME] 2026-06-14 18:07:52
[TIME] 2026-06-14 18:08:02
[TIME] 2026-06-14 18:08:12
[TIME] 2026-06-14 18:08:22
[TIME] 2026-06-14 18:08:32
[TIME] 2026-06-14 18:08:42
[TIME] 2026-06-14 18:08:52
[TIME] 2026-06-14 18:09:02
[TIME] 2026-06-14 18:09:12
[TIME] 2026-06-14 18:09:22
[TIME] 2026-06-14 18:09:32
[TIME] 2026-06-14 18:09:42
[TIME] 2026-06-14 18:09:52
[TIME] 2026-06-14 18:10:02
[TIME] 2026-06-14 18:10:12
[TIME] 2026-06-14 18:10:22
[TIME] 2026-06-14 18:10:32
[TIME] 2026-06-14 18:10:42
[TIME] 2026-06-14 18:10:52
[TIME] 2026-06-14 18:11:02
[TIME] 2026-06-14 18:11:12
[TIME] 2026-06-14 18:11:22
[TIME] 2026-06-14 18:11:32
[TIME] 2026-06-14 18:11:42
[TIME] 2026-06-14 18:11:52
[TIME] 2026-06-14 18:12:02
[TIME] 2026-06-14 18:12:12
[TIME] 2026-06-14 18:12:22
[TIME] 2026-06-14 18:12:32
[TIME] 2026-06-14 18:12:42
[TIME] 2026-06-14 18:12:52
[TIME] 2026-06-14 18:13:02
[TIME] 2026-06-14 18:13:12
[TIME] 2026-06-14 18:13:22
[TIME] 2026-06-14 18:13:32
[TIME] 2026-06-14 18:13:42
[TIME] 2026-06-14 18:13:52
[TIME] 2026-06-14 18:14:02
[TIME] 2026-06-14 18:14:12
[TIME] 2026-06-14 18:14:22
[TIME] 2026-06-14 18:14:32
[TIME] 2026-06-14 18:14:42
[TIME] 2026-06-14 18:14:52
[TIME] 2026-06-14 18:15:02
[TIME] 2026-06-14 18:15:12
[TIME] 2026-06-14 18:15:22
[TIME] 2026-06-14 18:15:32
[TIME] 2026-06-14 18:15:42
[TIME] 2026-06-14 18:15:52
[TIME] 2026-06-14 18:16:02
[TIME] 2026-06-14 18:16:12
[TIME] 2026-06-14 18:16:22
[TIME] 2026-06-14 18:16:32
[TIME] 2026-06-14 18:16:42
[TIME] 2026-06-14 18:16:52
[TIME] 2026-06-14 18:17:02
[TIME] 2026-06-14 18:17:12
[TIME] 2026-06-14 18:17:22
[TIME] 2026-06-14 18:17:32
[TIME] 2026-06-14 18:17:42
[TIME] 2026-06-14 18:17:52
[TIME] 2026-06-14 18:18:02
[TIME] 2026-06-14 18:18:12
[TIME] 2026-06-14 18:18:22
[TIME] 2026-06-14 18:18:32
[TIME] 2026-06-14 18:18:42
[TIME] 2026-06-14 18:18:52
[TIME] 2026-06-14 18:19:02
[TIME] 2026-06-14 18:19:12
[TIME] 2026-06-14 18:19:22
[TIME] 2026-06-14 18:19:32
[TIME] 2026-06-14 18:19:42
[TIME] 2026-06-14 18:19:52
[TIME] 2026-06-14 18:20:02
[TIME] 2026-06-14 18:20:12
[TIME] 2026-06-14 18:20:22
[TIME] 2026-06-14 18:20:32
[TIME] 2026-06-14 18:20:42
[TIME] 2026-06-14 18:20:52
[TIME] 2026-06-14 18:21:02
[TIME] 2026-06-14 18:21:12
[TIME] 2026-06-14 18:21:22
[TIME] 2026-06-14 18:21:32
[TIME] 2026-06-14 18:21:42
[TIME] 2026-06-14 18:21:52
[TIME] 2026-06-14 18:22:02
[TIME] 2026-06-14 18:22:12
[TIME] 2026-06-14 18:22:22
[TIME] 2026-06-14 18:22:32
[TIME] 2026-06-14 18:22:42
[TIME] 2026-06-14 18:22:52
[TIME] 2026-06-14 18:23:02
[TIME] 2026-06-14 18:23:12
[TIME] 2026-06-14 18:23:22
[TIME] 2026-06-14 18:23:32
[TIME] 2026-06-14 18:23:42
[TIME] 2026-06-14 18:23:52
[TIME] 2026-06-14 18:24:02
[TIME] 2026-06-14 18:24:12
[TIME] 2026-06-14 18:24:22
[TIME] 2026-06-14 18:24:32
[TIME] 2026-06-14 18:24:42
[TIME] 2026-06-14 18:24:52
[TIME] 2026-06-14 18:25:02
[TIME] 2026-06-14 18:25:12
[TIME] 2026-06-14 18:25:22
[TIME] 2026-06-14 18:25:32
[TIME] 2026-06-14 18:25:42
[TIME] 2026-06-14 18:25:52
[TIME] 2026-06-14 18:26:02
[TIME] 2026-06-14 18:26:12
[TIME] 2026-06-14 18:26:22
[TIME] 2026-06-14 18:26:32
[TIME] 2026-06-14 18:26:42
[TIME] 2026-06-14 18:26:52
[TIME] 2026-06-14 18:27:02
[TIME] 2026-06-14 18:27:12
[TIME] 2026-06-14 18:27:22
[TIME] 2026-06-14 18:27:32
[TIME] 2026-06-14 18:27:42
[TIME] 2026-06-14 18:27:52
[TIME] 2026-06-14 18:28:02
[TIME] 2026-06-14 18:28:12
[TIME] 2026-06-14 18:28:22
[TIME] 2026-06-14 18:28:32
[TIME] 2026-06-14 18:28:42
[TIME] 2026-06-14 18:28:52
[TIME] 2026-06-14 18:29:02
[TIME] 2026-06-14 18:29:12
[TIME] 2026-06-14 18:29:22
[TIME] 2026-06-14 18:29:32
[TIME] 2026-06-14 18:29:42
[TIME] 2026-06-14 18:29:52
[TIME] 2026-06-14 18:30:02
[TIME] 2026-06-14 18:30:12
[TIME] 2026-06-14 18:30:22
[TIME] 2026-06-14 18:30:32
[TIME] 2026-06-14 18:30:42
[TIME] 2026-06-14 18:30:52
[TIME] 2026-06-14 18:31:02
[TIME] 2026-06-14 18:31:12
[TIME] 2026-06-14 18:31:22
[TIME] 2026-06-14 18:31:32
[TIME] 2026-06-14 18:31:42
[TIME] 2026-06-14 18:31:52
[TIME] 2026-06-14 18:32:02
[TIME] 2026-06-14 18:32:12
[TIME] 2026-06-14 18:32:22
[TIME] 2026-06-14 18:32:32
[TIME] 2026-06-14 18:32:42
[TIME] 2026-06-14 18:32:52
[TIME] 2026-06-14 18:33:02
[TIME] 2026-06-14 18:33:12
[TIME] 2026-06-14 18:33:22
[TIME] 2026-06-14 18:33:32
[TIME] 2026-06-14 18:33:42
[TIME] 2026-06-14 18:33:52
[TIME] 2026-06-14 18:34:02
[TIME] 2026-06-14 18:34:12
[TIME] 2026-06-14 18:34:22
[TIME] 2026-06-14 18:34:32
[TIME] 2026-06-14 18:34:42
[TIME] 2026-06-14 18:34:52
[TIME] 2026-06-14 18:35:02
[TIME] 2026-06-14 18:35:12
[TIME] 2026-06-14 18:35:22
[TIME] 2026-06-14 18:35:32
[TIME] 2026-06-14 18:35:42
[TIME] 2026-06-14 18:35:52
[TIME] 2026-06-14 18:36:02
[TIME] 2026-06-14 18:36:12
[TIME] 2026-06-14 18:36:22
[TIME] 2026-06-14 18:36:32
[TIME] 2026-06-14 18:36:42
[TIME] 2026-06-14 18:36:52
[TIME] 2026-06-14 18:37:02
[TIME] 2026-06-14 18:37:12
[TIME] 2026-06-14 18:37:22
[TIME] 2026-06-14 18:37:32
[TIME] 2026-06-14 18:37:42
[TIME] 2026-06-14 18:37:52
[TIME] 2026-06-14 18:38:02
[TIME] 2026-06-14 18:38:12
[TIME] 2026-06-14 18:38:22
[TIME] 2026-06-14 18:38:32
[TIME] 2026-06-14 18:38:42
[TIME] 2026-06-14 18:38:52
[TIME] 2026-06-14 18:39:02
[TIME] 2026-06-14 18:39:12
[TIME] 2026-06-14 18:39:22
[TIME] 2026-06-14 18:39:32
[TIME] 2026-06-14 18:39:42
[TIME] 2026-06-14 18:39:52
[TIME] 2026-06-14 18:40:02
[TIME] 2026-06-14 18:40:12
[TIME] 2026-06-14 18:40:22
[TIME] 2026-06-14 18:40:32
[TIME] 2026-06-14 18:40:42
[TIME] 2026-06-14 18:40:52
[TIME] 2026-06-14 18:41:02
[TIME] 2026-06-14 18:41:12
[TIME] 2026-06-14 18:41:22
[TIME] 2026-06-14 18:41:32
[TIME] 2026-06-14 18:41:42
[TIME] 2026-06-14 18:41:52
[TIME] 2026-06-14 18:42:02
[TIME] 2026-06-14 18:42:12
[TIME] 2026-06-14 18:42:22
[TIME] 2026-06-14 18:42:32
[TIME] 2026-06-14 18:42:42
[TIME] 2026-06-14 18:42:52
[TIME] 2026-06-14 18:43:02
[TIME] 2026-06-14 18:43:12
[TIME] 2026-06-14 18:43:22
[TIME] 2026-06-14 18:43:32
[TIME] 2026-06-14 18:43:42
[TIME] 2026-06-14 18:43:52
[TIME] 2026-06-14 18:44:02
[TIME] 2026-06-14 18:44:12
[TIME] 2026-06-14 18:44:22
[TIME] 2026-06-14 18:44:32
[TIME] 2026-06-14 18:44:42
[TIME] 2026-06-14 18:44:52
[TIME] 2026-06-14 18:45:02
[TIME] 2026-06-14 18:45:12
[TIME] 2026-06-14 18:45:22
[TIME] 2026-06-14 18:45:32
[TIME] 2026-06-14 18:45:42
[TIME] 2026-06-14 18:45:52
[TIME] 2026-06-14 18:46:02
[TIME] 2026-06-14 18:46:12
[TIME] 2026-06-14 18:46:22
[TIME] 2026-06-14 18:46:32
[TIME] 2026-06-14 18:46:42
[TIME] 2026-06-14 18:46:52
[TIME] 2026-06-14 18:47:02
[TIME] 2026-06-14 18:47:12
[TIME] 2026-06-14 18:47:22
[TIME] 2026-06-14 18:47:32
[TIME] 2026-06-14 18:47:42
[TIME] 2026-06-14 18:47:52
[TIME] 2026-06-14 18:48:02
[TIME] 2026-06-14 18:48:12
[TIME] 2026-06-14 18:48:22
[TIME] 2026-06-14 18:48:32
[TIME] 2026-06-14 18:48:42
[TIME] 2026-06-14 18:48:52
[TIME] 2026-06-14 18:49:02
[TIME] 2026-06-14 18:49:12
[TIME] 2026-06-14 18:49:22
[TIME] 2026-06-14 18:49:32
[TIME] 2026-06-14 18:49:42
[TIME] 2026-06-14 18:49:52
[TIME] 2026-06-14 18:50:02
[TIME] 2026-06-14 18:50:12
